<?xml version="1.0" encoding="UTF-8"?>
<!-- Generated by org.testng.reporters.JUnitXMLReporter -->
<testsuite hostname="DLDA0326" ignored="0" name="Default test" tests="5" failures="0" timestamp="29 Jun 2018 12:16:13 GMT" time="12.98" errors="0">
  <testcase name="Test001" time="1.61" classname="MavenPract.MavenPract.Tests"/>
  <testcase name="Test002" time="2.021" classname="MavenPract.MavenPract.Tests"/>
  <testcase name="Test003" time="1.238" classname="MavenPract.MavenPract.Tests"/>
  <testcase name="Test004" time="4.552" classname="MavenPract.MavenPract.Tests"/>
  <testcase name="Test005" time="3.53" classname="MavenPract.MavenPract.Tests"/>
</testsuite> <!-- Default test -->
