<?xml version="1.0" encoding="UTF-8"?>
<testng-results skipped="0" failed="0" ignored="0" total="5" passed="5">
  <reporter-output>
  </reporter-output>
  <suite name="Default suite" duration-ms="12980" started-at="2018-06-29T12:16:00Z" finished-at="2018-06-29T12:16:13Z">
    <groups>
    </groups>
    <test name="Default test" duration-ms="12980" started-at="2018-06-29T12:16:00Z" finished-at="2018-06-29T12:16:13Z">
      <class name="MavenPract.MavenPract.Tests">
        <test-method status="PASS" signature="Test001()[pri:0, instance:MavenPract.MavenPract.Tests@33bc72d1]" name="Test001" duration-ms="1610" started-at="2018-06-29T12:16:00Z" finished-at="2018-06-29T12:16:02Z">
          <reporter-output>
          </reporter-output>
        </test-method> <!-- Test001 -->
        <test-method status="PASS" signature="Test002()[pri:0, instance:MavenPract.MavenPract.Tests@33bc72d1]" name="Test002" duration-ms="2021" started-at="2018-06-29T12:16:02Z" finished-at="2018-06-29T12:16:04Z">
          <reporter-output>
          </reporter-output>
        </test-method> <!-- Test002 -->
        <test-method status="PASS" signature="Test003()[pri:0, instance:MavenPract.MavenPract.Tests@33bc72d1]" name="Test003" duration-ms="1238" started-at="2018-06-29T12:16:04Z" finished-at="2018-06-29T12:16:05Z">
          <reporter-output>
          </reporter-output>
        </test-method> <!-- Test003 -->
        <test-method status="PASS" signature="Test004()[pri:0, instance:MavenPract.MavenPract.Tests@33bc72d1]" name="Test004" duration-ms="4552" started-at="2018-06-29T12:16:05Z" finished-at="2018-06-29T12:16:10Z">
          <reporter-output>
          </reporter-output>
        </test-method> <!-- Test004 -->
        <test-method status="PASS" signature="Test005()[pri:0, instance:MavenPract.MavenPract.Tests@33bc72d1]" name="Test005" duration-ms="3530" started-at="2018-06-29T12:16:10Z" finished-at="2018-06-29T12:16:13Z">
          <reporter-output>
          </reporter-output>
        </test-method> <!-- Test005 -->
      </class> <!-- MavenPract.MavenPract.Tests -->
    </test> <!-- Default test -->
  </suite> <!-- Default suite -->
</testng-results>
